0 verbose cli /data/data/com.termux/files/usr/bin/node /data/data/com.termux/files/usr/bin/npm
1 info using npm@11.12.0
2 info using node@v25.8.1
3 silly config load:file:/data/data/com.termux/files/usr/lib/node_modules/npm/npmrc
4 silly config load:file:/data/data/com.termux/files/home/ScorpioApp/.npmrc
5 silly config load:file:/data/data/com.termux/files/home/.npmrc
6 silly config load:file:/data/data/com.termux/files/usr/etc/npmrc
7 verbose title npm install @capacitor/android
8 verbose argv "install" "@capacitor/android"
9 verbose logfile logs-max:10 dir:/data/data/com.termux/files/home/.npm/_logs/2026-03-22T23_49_21_153Z-
10 verbose logfile /data/data/com.termux/files/home/.npm/_logs/2026-03-22T23_49_21_153Z-debug-0.log
11 silly logfile done cleaning log files
12 silly packumentCache heap:1072955392 maxSize:268238848 maxEntrySize:134119424
13 silly idealTree buildDeps
14 silly fetch manifest @capacitor/android@*
15 silly packumentCache full:https://registry.npmjs.org/@capacitor%2fandroid cache-miss
16 http fetch GET 200 https://registry.npmjs.org/@capacitor%2fandroid 5208ms (cache miss)
17 silly packumentCache full:https://registry.npmjs.org/@capacitor%2fandroid set size:undefined disposed:false
18 silly fetch manifest @capacitor/core@^8.2.0
19 silly packumentCache full:https://registry.npmjs.org/@capacitor%2fcore cache-miss
20 http fetch GET 200 https://registry.npmjs.org/@capacitor%2fcore 1868ms (cache miss)
21 silly packumentCache full:https://registry.npmjs.org/@capacitor%2fcore set size:undefined disposed:false
22 silly placeDep ROOT @capacitor/android@8.2.0 OK for:  want: *
23 silly placeDep ROOT @capacitor/core@8.2.0 OK for: @capacitor/android@8.2.0 want: ^8.2.0
24 silly fetch manifest tslib@^2.1.0
25 silly packumentCache full:https://registry.npmjs.org/tslib cache-miss
26 http fetch GET 200 https://registry.npmjs.org/tslib 120ms (cache revalidated)
27 silly packumentCache full:https://registry.npmjs.org/tslib set size:108760 disposed:false
28 silly placeDep ROOT tslib@2.8.1 OK for: @capacitor/core@8.2.0 want: ^2.1.0
29 silly reify moves {}
30 http cache tslib@https://registry.npmjs.org/tslib/-/tslib-2.8.1.tgz 0ms (cache hit)
31 http cache @capacitor/core@https://registry.npmjs.org/@capacitor/core/-/core-8.2.0.tgz 1ms (cache hit)
32 http cache @capacitor/android@https://registry.npmjs.org/@capacitor/android/-/android-8.2.0.tgz 1ms (cache hit)
33 silly tarball no local data for @capacitor/core@https://registry.npmjs.org/@capacitor/core/-/core-8.2.0.tgz. Extracting by manifest.
34 silly tarball no local data for @capacitor/android@https://registry.npmjs.org/@capacitor/android/-/android-8.2.0.tgz. Extracting by manifest.
35 http fetch GET 200 https://registry.npmjs.org/@capacitor/core/-/core-8.2.0.tgz 934ms (cache miss)
36 http fetch GET 200 https://registry.npmjs.org/@capacitor/android/-/android-8.2.0.tgz 1071ms (cache miss)
37 silly ADD node_modules/tslib
38 silly ADD node_modules/@capacitor/core
39 silly ADD node_modules/@capacitor/android
40 verbose cwd /data/data/com.termux/files/home/ScorpioApp
41 verbose os Linux 4.14.186-perf-g0c6efddd96c7
42 verbose node v25.8.1
43 verbose npm  v11.12.0
44 verbose exit 0
45 info ok
